{
  "numTotalTestSuites": 6,
  "numPassedTestSuites": 6,
  "numFailedTestSuites": 0,
  "numPendingTestSuites": 0,
  "numTotalTests": 13,
  "numPassedTests": 13,
  "numFailedTests": 0,
  "numPendingTests": 0,
  "numTodoTests": 0,
  "snapshot": {
    "added": 0,
    "failure": false,
    "filesAdded": 0,
    "filesRemoved": 0,
    "filesRemovedList": [],
    "filesUnmatched": 0,
    "filesUpdated": 0,
    "matched": 0,
    "total": 0,
    "unchecked": 0,
    "uncheckedKeysByFile": [],
    "unmatched": 0,
    "updated": 0,
    "didUpdate": false
  },
  "startTime": 1755703454186,
  "success": true,
  "testResults": [
    {
      "assertionResults": [
        {
          "ancestorTitles": ["fsHelpers"],
          "fullName": "fsHelpers crea directorio y escribe/lee json",
          "status": "passed",
          "title": "crea directorio y escribe/lee json",
          "duration": 7.9471999999999525,
          "failureMessages": [],
          "meta": {}
        },
        {
          "ancestorTitles": ["fsHelpers"],
          "fullName": "fsHelpers lista archivos json",
          "status": "passed",
          "title": "lista archivos json",
          "duration": 5.449799999999982,
          "failureMessages": [],
          "meta": {}
        },
        {
          "ancestorTitles": ["fsHelpers"],
          "fullName": "fsHelpers borra archivo",
          "status": "passed",
          "title": "borra archivo",
          "duration": 3.7159000000000333,
          "failureMessages": [],
          "meta": {}
        },
        {
          "ancestorTitles": ["fsHelpers"],
          "fullName": "fsHelpers calcula tama├▒o",
          "status": "passed",
          "title": "calcula tama├▒o",
          "duration": 9.79200000000003,
          "failureMessages": [],
          "meta": {}
        }
      ],
      "startTime": 1755703454971,
      "endTime": 1755703454997.792,
      "status": "passed",
      "message": "",
      "name": "C:/Users/Facundo/Desktop/POC/mi-app/src/main/__tests__/fsHelpers.test.ts"
    },
    {
      "assertionResults": [
        {
          "ancestorTitles": ["metrics"],
          "fullName": "metrics measure devuelve data y ms",
          "status": "passed",
          "title": "measure devuelve data y ms",
          "duration": 2.449100000000044,
          "failureMessages": [],
          "meta": {}
        },
        {
          "ancestorTitles": ["metrics"],
          "fullName": "metrics footprint retorna dataBytes",
          "status": "passed",
          "title": "footprint retorna dataBytes",
          "duration": 2.071899999999914,
          "failureMessages": [],
          "meta": {}
        },
        {
          "ancestorTitles": ["metrics"],
          "fullName": "metrics memoryUsage retorna campos",
          "status": "passed",
          "title": "memoryUsage retorna campos",
          "duration": 1.109899999999925,
          "failureMessages": [],
          "meta": {}
        }
      ],
      "startTime": 1755703454980,
      "endTime": 1755703454986.1099,
      "status": "passed",
      "message": "",
      "name": "C:/Users/Facundo/Desktop/POC/mi-app/src/main/__tests__/metrics.test.ts"
    },
    {
      "assertionResults": [
        {
          "ancestorTitles": ["notesStore"],
          "fullName": "notesStore crea y obtiene nota",
          "status": "passed",
          "title": "crea y obtiene nota",
          "duration": 8.748699999999985,
          "failureMessages": [],
          "meta": {}
        },
        {
          "ancestorTitles": ["notesStore"],
          "fullName": "notesStore lista varias notas",
          "status": "passed",
          "title": "lista varias notas",
          "duration": 11.91070000000002,
          "failureMessages": [],
          "meta": {}
        },
        {
          "ancestorTitles": ["notesStore"],
          "fullName": "notesStore actualiza nota",
          "status": "passed",
          "title": "actualiza nota",
          "duration": 9.383499999999913,
          "failureMessages": [],
          "meta": {}
        },
        {
          "ancestorTitles": ["notesStore"],
          "fullName": "notesStore borra nota",
          "status": "passed",
          "title": "borra nota",
          "duration": 3.252299999999991,
          "failureMessages": [],
          "meta": {}
        },
        {
          "ancestorTitles": ["notesStore"],
          "fullName": "notesStore seed limita y crea",
          "status": "passed",
          "title": "seed limita y crea",
          "duration": 8.843799999999987,
          "failureMessages": [],
          "meta": {}
        },
        {
          "ancestorTitles": ["notesStore"],
          "fullName": "notesStore test de rendimiento: crea 100 notas, lista y elimina",
          "status": "passed",
          "title": "test de rendimiento: crea 100 notas, lista y elimina",
          "duration": 206.57799999999997,
          "failureMessages": [],
          "meta": {}
        }
      ],
      "startTime": 1755703454978,
      "endTime": 1755703455226.578,
      "status": "passed",
      "message": "",
      "name": "C:/Users/Facundo/Desktop/POC/mi-app/src/main/__tests__/notesStore.test.ts"
    }
  ]
}
